<?xml version="1.0" encoding="UTF-8"?>
<testsuite name="Academy Choucair" tests="1" skipped="0" failures="0" errors="0" timestamp="2021-02-19T17:44:58" hostname="DESKTOP-CURJO95" time="32.957">
  <properties/>
  <testcase name="Search for automatization course" classname="Academy Choucair" time="32.957"/>
  <system-out><![CDATA[]]></system-out>
  <system-err><![CDATA[[Test worker] WARN net.thucydides.core.steps.BaseStepListener - stepStarted: net.thucydides.core.steps.ExecutedStepDescription@4c57d8a
[Test worker] WARN net.thucydides.core.steps.BaseStepListener - stepStarted: net.thucydides.core.steps.ExecutedStepDescription@67d0bbbe
[Test worker] WARN net.thucydides.core.steps.BaseStepListener - stepStarted: net.thucydides.core.steps.ExecutedStepDescription@3ef86e
feb 19, 2021 12:44:59 PM org.openqa.selenium.remote.DesiredCapabilities chrome
INFORMACIÓN: Using `new ChromeOptions()` is preferred to `DesiredCapabilities.chrome()`
[Test worker] INFO net.serenitybdd.core.webdriver.driverproviders.ProvideNewDriver - Instantiating driver
[Test worker] INFO net.serenitybdd.core.webdriver.driverproviders.ProvideNewDriver - Driver capabilities: Capabilities {acceptInsecureCerts: false, browserName: chrome, chrome.switches: --start-maximized;--test-ty..., goog:chromeOptions: {args: [--start-maximized, --test-type, --no-sandbox, --ignore-certificate-errors..., --disable-popup-blocking, --disable-default-apps, --disable-extensions-file-a..., --incognito, --disable-infobars, --disable-gpu], extensions: []}, loggingPrefs: org.openqa.selenium.logging..., platform: ANY, version: }
Starting ChromeDriver 88.0.4324.96 (68dba2d8a0b149a1d3afac56fa74648032bcf46b-refs/branch-heads/4324@{#1784}) on port 26158
Only local connections are allowed.
Please see https://chromedriver.chromium.org/security-considerations for suggestions on keeping ChromeDriver safe.
ChromeDriver was started successfully.
feb 19, 2021 12:45:04 PM org.openqa.selenium.remote.ProtocolHandshake createSession
INFORMACIÓN: Detected dialect: W3C
[Test worker] WARN net.thucydides.core.steps.BaseStepListener - stepFinished: current outcome:Search for automatization course:Example: {strUser=1006206400, strPassword=Choucair2021*, strCourse=Workshop de Automatización} [Given Than branon wants to learn automation at the academy choucair
| strUser | strPassword |
| 1006206400 | Choucair2021* | [Branon open up [branon opens the Choucair academy page]]]
[Test worker] WARN net.thucydides.core.steps.BaseStepListener - stepFinished: current outcome:Search for automatization course:Example: {strUser=1006206400, strPassword=Choucair2021*, strCourse=Workshop de Automatización} [Given Than branon wants to learn automation at the academy choucair
| strUser | strPassword |
| 1006206400 | Choucair2021* | [Branon open up [branon opens the Choucair academy page]]]
[Test worker] WARN net.thucydides.core.steps.BaseStepListener - stepStarted: net.thucydides.core.steps.ExecutedStepDescription@7dc9ec79
[Test worker] WARN net.thucydides.core.steps.BaseStepListener - stepStarted: net.thucydides.core.steps.ExecutedStepDescription@439cb736
[Test worker] WARN net.thucydides.core.steps.BaseStepListener - stepFinished: current outcome:Search for automatization course:Example: {strUser=1006206400, strPassword=Choucair2021*, strCourse=Workshop de Automatización} [Given Than branon wants to learn automation at the academy choucair
| strUser | strPassword |
| 1006206400 | Choucair2021* | [Branon open up [branon opens the Choucair academy page], Branon login [branon clicks on button that shows us the form to login]]]
[Test worker] WARN net.thucydides.core.steps.BaseStepListener - stepStarted: net.thucydides.core.steps.ExecutedStepDescription@3e8ff204
[Test worker] WARN net.thucydides.core.steps.BaseStepListener - stepFinished: current outcome:Search for automatization course:Example: {strUser=1006206400, strPassword=Choucair2021*, strCourse=Workshop de Automatización} [Given Than branon wants to learn automation at the academy choucair
| strUser | strPassword |
| 1006206400 | Choucair2021* | [Branon open up [branon opens the Choucair academy page], Branon login [branon clicks on button that shows us the form to login, branon enters '1006206400' into where do we write the user]]]
[Test worker] WARN net.thucydides.core.steps.BaseStepListener - stepStarted: net.thucydides.core.steps.ExecutedStepDescription@550675ef
[Test worker] WARN net.thucydides.core.steps.BaseStepListener - stepFinished: current outcome:Search for automatization course:Example: {strUser=1006206400, strPassword=Choucair2021*, strCourse=Workshop de Automatización} [Given Than branon wants to learn automation at the academy choucair
| strUser | strPassword |
| 1006206400 | Choucair2021* | [Branon open up [branon opens the Choucair academy page], Branon login [branon clicks on button that shows us the form to login, branon enters '1006206400' into where do we write the user, branon enters 'Choucair2021*' into where do we write the user]]]
[Test worker] WARN net.thucydides.core.steps.BaseStepListener - stepStarted: net.thucydides.core.steps.ExecutedStepDescription@3f58f95c
[Test worker] WARN net.thucydides.core.steps.BaseStepListener - stepFinished: current outcome:Search for automatization course:Example: {strUser=1006206400, strPassword=Choucair2021*, strCourse=Workshop de Automatización} [Given Than branon wants to learn automation at the academy choucair
| strUser | strPassword |
| 1006206400 | Choucair2021* | [Branon open up [branon opens the Choucair academy page], Branon login [branon clicks on button that shows us the form to login, branon enters '1006206400' into where do we write the user, branon enters 'Choucair2021*' into where do we write the user, branon clicks on button to confirm login]]]
[Test worker] WARN net.thucydides.core.steps.BaseStepListener - stepFinished: current outcome:Search for automatization course:Example: {strUser=1006206400, strPassword=Choucair2021*, strCourse=Workshop de Automatización} [Given Than branon wants to learn automation at the academy choucair
| strUser | strPassword |
| 1006206400 | Choucair2021* | [Branon open up [branon opens the Choucair academy page], Branon login [branon clicks on button that shows us the form to login, branon enters '1006206400' into where do we write the user, branon enters 'Choucair2021*' into where do we write the user, branon clicks on button to confirm login]]]
[Test worker] WARN net.thucydides.core.steps.BaseStepListener - stepFinished: current outcome:Search for automatization course:Example: {strUser=1006206400, strPassword=Choucair2021*, strCourse=Workshop de Automatización} [Given Than branon wants to learn automation at the academy choucair
| strUser | strPassword |
| 1006206400 | Choucair2021* | [Branon open up [branon opens the Choucair academy page], Branon login [branon clicks on button that shows us the form to login, branon enters '1006206400' into where do we write the user, branon enters 'Choucair2021*' into where do we write the user, branon clicks on button to confirm login]]]
[Test worker] WARN net.thucydides.core.steps.BaseStepListener - stepStarted: net.thucydides.core.steps.ExecutedStepDescription@7bce88b5
[Test worker] WARN net.thucydides.core.steps.BaseStepListener - stepStarted: net.thucydides.core.steps.ExecutedStepDescription@7755c368
[Test worker] WARN net.thucydides.core.steps.BaseStepListener - stepStarted: net.thucydides.core.steps.ExecutedStepDescription@1d5b0996
[Test worker] WARN net.thucydides.core.steps.BaseStepListener - stepFinished: current outcome:Search for automatization course:Example: {strUser=1006206400, strPassword=Choucair2021*, strCourse=Workshop de Automatización} [Given Than branon wants to learn automation at the academy choucair
| strUser | strPassword |
| 1006206400 | Choucair2021* | [Branon open up [branon opens the Choucair academy page], Branon login [branon clicks on button that shows us the form to login, branon enters '1006206400' into where do we write the user, branon enters 'Choucair2021*' into where do we write the user, branon clicks on button to confirm login]], When he search for the course on the choucair academy plataform
| strCourse |
| Workshop de Automatización | [Branon search [branon clicks on Entramos para buscar el curso]]]
[Test worker] WARN net.thucydides.core.steps.BaseStepListener - stepStarted: net.thucydides.core.steps.ExecutedStepDescription@2d647ebf
[Test worker] WARN net.thucydides.core.steps.BaseStepListener - stepFinished: current outcome:Search for automatization course:Example: {strUser=1006206400, strPassword=Choucair2021*, strCourse=Workshop de Automatización} [Given Than branon wants to learn automation at the academy choucair
| strUser | strPassword |
| 1006206400 | Choucair2021* | [Branon open up [branon opens the Choucair academy page], Branon login [branon clicks on button that shows us the form to login, branon enters '1006206400' into where do we write the user, branon enters 'Choucair2021*' into where do we write the user, branon clicks on button to confirm login]], When he search for the course on the choucair academy plataform
| strCourse |
| Workshop de Automatización | [Branon search [branon clicks on Entramos para buscar el curso, branon enters 'Workshop de Automatización' into Buscamos el curso]]]
[Test worker] WARN net.thucydides.core.steps.BaseStepListener - stepStarted: net.thucydides.core.steps.ExecutedStepDescription@71e0ac92
[Test worker] WARN net.thucydides.core.steps.BaseStepListener - stepFinished: current outcome:Search for automatization course:Example: {strUser=1006206400, strPassword=Choucair2021*, strCourse=Workshop de Automatización} [Given Than branon wants to learn automation at the academy choucair
| strUser | strPassword |
| 1006206400 | Choucair2021* | [Branon open up [branon opens the Choucair academy page], Branon login [branon clicks on button that shows us the form to login, branon enters '1006206400' into where do we write the user, branon enters 'Choucair2021*' into where do we write the user, branon clicks on button to confirm login]], When he search for the course on the choucair academy plataform
| strCourse |
| Workshop de Automatización | [Branon search [branon clicks on Entramos para buscar el curso, branon enters 'Workshop de Automatización' into Buscamos el curso, branon clicks on Click para buscar]]]
[Test worker] WARN net.thucydides.core.steps.BaseStepListener - stepStarted: net.thucydides.core.steps.ExecutedStepDescription@435f5977
[Test worker] WARN net.thucydides.core.steps.BaseStepListener - stepFinished: current outcome:Search for automatization course:Example: {strUser=1006206400, strPassword=Choucair2021*, strCourse=Workshop de Automatización} [Given Than branon wants to learn automation at the academy choucair
| strUser | strPassword |
| 1006206400 | Choucair2021* | [Branon open up [branon opens the Choucair academy page], Branon login [branon clicks on button that shows us the form to login, branon enters '1006206400' into where do we write the user, branon enters 'Choucair2021*' into where do we write the user, branon clicks on button to confirm login]], When he search for the course on the choucair academy plataform
| strCourse |
| Workshop de Automatización | [Branon search [branon clicks on Entramos para buscar el curso, branon enters 'Workshop de Automatización' into Buscamos el curso, branon clicks on Click para buscar, branon clicks on Workshop de Automatización]]]
[Test worker] WARN net.thucydides.core.steps.BaseStepListener - stepFinished: current outcome:Search for automatization course:Example: {strUser=1006206400, strPassword=Choucair2021*, strCourse=Workshop de Automatización} [Given Than branon wants to learn automation at the academy choucair
| strUser | strPassword |
| 1006206400 | Choucair2021* | [Branon open up [branon opens the Choucair academy page], Branon login [branon clicks on button that shows us the form to login, branon enters '1006206400' into where do we write the user, branon enters 'Choucair2021*' into where do we write the user, branon clicks on button to confirm login]], When he search for the course on the choucair academy plataform
| strCourse |
| Workshop de Automatización | [Branon search [branon clicks on Entramos para buscar el curso, branon enters 'Workshop de Automatización' into Buscamos el curso, branon clicks on Click para buscar, branon clicks on Workshop de Automatización]]]
[Test worker] WARN net.thucydides.core.steps.BaseStepListener - stepFinished: current outcome:Search for automatization course:Example: {strUser=1006206400, strPassword=Choucair2021*, strCourse=Workshop de Automatización} [Given Than branon wants to learn automation at the academy choucair
| strUser | strPassword |
| 1006206400 | Choucair2021* | [Branon open up [branon opens the Choucair academy page], Branon login [branon clicks on button that shows us the form to login, branon enters '1006206400' into where do we write the user, branon enters 'Choucair2021*' into where do we write the user, branon clicks on button to confirm login]], When he search for the course on the choucair academy plataform
| strCourse |
| Workshop de Automatización | [Branon search [branon clicks on Entramos para buscar el curso, branon enters 'Workshop de Automatización' into Buscamos el curso, branon clicks on Click para buscar, branon clicks on Workshop de Automatización]]]
[Test worker] WARN net.thucydides.core.steps.BaseStepListener - stepStarted: net.thucydides.core.steps.ExecutedStepDescription@1dcd9093
[Test worker] WARN net.thucydides.core.steps.BaseStepListener - stepStarted: net.thucydides.core.steps.ExecutedStepDescription@1b203c5f
[Test worker] WARN net.thucydides.core.steps.BaseStepListener - stepFinished: current outcome:Search for automatization course:Example: {strUser=1006206400, strPassword=Choucair2021*, strCourse=Workshop de Automatización} [Given Than branon wants to learn automation at the academy choucair
| strUser | strPassword |
| 1006206400 | Choucair2021* | [Branon open up [branon opens the Choucair academy page], Branon login [branon clicks on button that shows us the form to login, branon enters '1006206400' into where do we write the user, branon enters 'Choucair2021*' into where do we write the user, branon clicks on button to confirm login]], When he search for the course on the choucair academy plataform
| strCourse |
| Workshop de Automatización | [Branon search [branon clicks on Entramos para buscar el curso, branon enters 'Workshop de Automatización' into Buscamos el curso, branon clicks on Click para buscar, branon clicks on Workshop de Automatización]], Then he finds the course called resources
| strCourse |
| Workshop de Automatización | [Then answer]]
[Test worker] WARN net.thucydides.core.steps.BaseStepListener - stepFinished: current outcome:Search for automatization course:Example: {strUser=1006206400, strPassword=Choucair2021*, strCourse=Workshop de Automatización} [Given Than branon wants to learn automation at the academy choucair
| strUser | strPassword |
| 1006206400 | Choucair2021* | [Branon open up [branon opens the Choucair academy page], Branon login [branon clicks on button that shows us the form to login, branon enters '1006206400' into where do we write the user, branon enters 'Choucair2021*' into where do we write the user, branon clicks on button to confirm login]], When he search for the course on the choucair academy plataform
| strCourse |
| Workshop de Automatización | [Branon search [branon clicks on Entramos para buscar el curso, branon enters 'Workshop de Automatización' into Buscamos el curso, branon clicks on Click para buscar, branon clicks on Workshop de Automatización]], Then he finds the course called resources
| strCourse |
| Workshop de Automatización | [Then answer]]
[Test worker] WARN net.thucydides.core.steps.BaseStepListener - stepFinished: current outcome:Search for automatization course:Example: {strUser=1006206400, strPassword=Choucair2021*, strCourse=Workshop de Automatización} [Given Than branon wants to learn automation at the academy choucair
| strUser | strPassword |
| 1006206400 | Choucair2021* | [Branon open up [branon opens the Choucair academy page], Branon login [branon clicks on button that shows us the form to login, branon enters '1006206400' into where do we write the user, branon enters 'Choucair2021*' into where do we write the user, branon clicks on button to confirm login]], When he search for the course on the choucair academy plataform
| strCourse |
| Workshop de Automatización | [Branon search [branon clicks on Entramos para buscar el curso, branon enters 'Workshop de Automatización' into Buscamos el curso, branon clicks on Click para buscar, branon clicks on Workshop de Automatización]], Then he finds the course called resources
| strCourse |
| Workshop de Automatización | [Then answer]]
[Test worker] WARN net.thucydides.core.steps.BaseStepListener - testFinished: Search for automatization course:Example: {strUser=1006206400, strPassword=Choucair2021*, strCourse=Workshop de Automatización} [Given Than branon wants to learn automation at the academy choucair
| strUser | strPassword |
| 1006206400 | Choucair2021* | [Branon open up [branon opens the Choucair academy page], Branon login [branon clicks on button that shows us the form to login, branon enters '1006206400' into where do we write the user, branon enters 'Choucair2021*' into where do we write the user, branon clicks on button to confirm login]], When he search for the course on the choucair academy plataform
| strCourse |
| Workshop de Automatización | [Branon search [branon clicks on Entramos para buscar el curso, branon enters 'Workshop de Automatización' into Buscamos el curso, branon clicks on Click para buscar, branon clicks on Workshop de Automatización]], Then he finds the course called resources
| strCourse |
| Workshop de Automatización | [Then answer]]
[Test worker] WARN net.thucydides.core.steps.BaseStepListener - TestOutcomes: [Search for automatization course:Example: {strUser=1006206400, strPassword=Choucair2021*, strCourse=Workshop de Automatización} [Given Than branon wants to learn automation at the academy choucair
| strUser | strPassword |
| 1006206400 | Choucair2021* | [Branon open up [branon opens the Choucair academy page], Branon login [branon clicks on button that shows us the form to login, branon enters '1006206400' into where do we write the user, branon enters 'Choucair2021*' into where do we write the user, branon clicks on button to confirm login]], When he search for the course on the choucair academy plataform
| strCourse |
| Workshop de Automatización | [Branon search [branon clicks on Entramos para buscar el curso, branon enters 'Workshop de Automatización' into Buscamos el curso, branon clicks on Click para buscar, branon clicks on Workshop de Automatización]], Then he finds the course called resources
| strCourse |
| Workshop de Automatización | [Then answer]]]
[Test worker] WARN net.thucydides.core.steps.BaseStepListener - Final testOutcomes: [Search for automatization course:Example: {strUser=1006206400, strPassword=Choucair2021*, strCourse=Workshop de Automatización} [Given Than branon wants to learn automation at the academy choucair
| strUser | strPassword |
| 1006206400 | Choucair2021* | [Branon open up [branon opens the Choucair academy page], Branon login [branon clicks on button that shows us the form to login, branon enters '1006206400' into where do we write the user, branon enters 'Choucair2021*' into where do we write the user, branon clicks on button to confirm login]], When he search for the course on the choucair academy plataform
| strCourse |
| Workshop de Automatización | [Branon search [branon clicks on Entramos para buscar el curso, branon enters 'Workshop de Automatización' into Buscamos el curso, branon clicks on Click para buscar, branon clicks on Workshop de Automatización]], Then he finds the course called resources
| strCourse |
| Workshop de Automatización | [Then answer]]]
[Test worker] INFO net.thucydides.core.steps.ConsoleLoggingListener - 
        __    _____ _____ ____ _____   ____   _    ____  ____  _____ ____  
  _     \ \  |_   _| ____/ ___|_   _| |  _ \ / \  / ___|/ ___|| ____|  _ \ 
 (_)_____| |   | | |  _| \___ \ | |   | |_) / _ \ \___ \\___ \|  _| | | | |
  _|_____| |   | | | |___ ___) || |   |  __/ ___ \ ___) |___) | |___| |_| |
 (_)     | |   |_| |_____|____/ |_|   |_| /_/   \_\____/|____/|_____|____/ 
        /_/                                                                

TEST PASSED: Search for automatization course
----------------------------------------------------------------------------
]]></system-err>
</testsuite>
