<?xml version="1.0" encoding="UTF-8"?>
<testsuite name="Academy Choucair" tests="1" skipped="0" failures="0" errors="0" timestamp="2021-02-19T15:34:28" hostname="DESKTOP-CURJO95" time="35.811">
  <properties/>
  <testcase name="Search for automatization course" classname="Academy Choucair" time="35.811"/>
  <system-out><![CDATA[]]></system-out>
  <system-err><![CDATA[[Test worker] WARN net.thucydides.core.steps.BaseStepListener - stepStarted: net.thucydides.core.steps.ExecutedStepDescription@663134b1
[Test worker] WARN net.thucydides.core.steps.BaseStepListener - stepStarted: net.thucydides.core.steps.ExecutedStepDescription@777bbb11
[Test worker] WARN net.thucydides.core.steps.BaseStepListener - stepStarted: net.thucydides.core.steps.ExecutedStepDescription@63be15dd
feb 19, 2021 10:34:29 AM org.openqa.selenium.remote.DesiredCapabilities chrome
INFORMACIÓN: Using `new ChromeOptions()` is preferred to `DesiredCapabilities.chrome()`
[Test worker] INFO net.serenitybdd.core.webdriver.driverproviders.ProvideNewDriver - Instantiating driver
[Test worker] INFO net.serenitybdd.core.webdriver.driverproviders.ProvideNewDriver - Driver capabilities: Capabilities {acceptInsecureCerts: false, browserName: chrome, chrome.switches: --start-maximized;--test-ty..., goog:chromeOptions: {args: [--start-maximized, --test-type, --no-sandbox, --ignore-certificate-errors..., --disable-popup-blocking, --disable-default-apps, --disable-extensions-file-a..., --incognito, --disable-infobars, --disable-gpu], extensions: []}, loggingPrefs: org.openqa.selenium.logging..., platform: ANY, version: }
Starting ChromeDriver 88.0.4324.96 (68dba2d8a0b149a1d3afac56fa74648032bcf46b-refs/branch-heads/4324@{#1784}) on port 12861
Only local connections are allowed.
Please see https://chromedriver.chromium.org/security-considerations for suggestions on keeping ChromeDriver safe.
ChromeDriver was started successfully.
feb 19, 2021 10:34:34 AM org.openqa.selenium.remote.ProtocolHandshake createSession
INFORMACIÓN: Detected dialect: W3C
[Test worker] WARN net.thucydides.core.steps.BaseStepListener - stepFinished: current outcome:Search for automatization course:Given Than branon wants to learn automation at the academy choucair [Branon open up [branon opens the Choucair academy page]]
[Test worker] WARN net.thucydides.core.steps.BaseStepListener - stepFinished: current outcome:Search for automatization course:Given Than branon wants to learn automation at the academy choucair [Branon open up [branon opens the Choucair academy page]]
[Test worker] WARN net.thucydides.core.steps.BaseStepListener - stepStarted: net.thucydides.core.steps.ExecutedStepDescription@171606b1
[Test worker] WARN net.thucydides.core.steps.BaseStepListener - stepStarted: net.thucydides.core.steps.ExecutedStepDescription@2caba963
[Test worker] WARN net.thucydides.core.steps.BaseStepListener - stepFinished: current outcome:Search for automatization course:Given Than branon wants to learn automation at the academy choucair [Branon open up [branon opens the Choucair academy page], Branon login [branon clicks on button that shows us the form to login]]
[Test worker] WARN net.thucydides.core.steps.BaseStepListener - stepStarted: net.thucydides.core.steps.ExecutedStepDescription@4371170
[Test worker] WARN net.thucydides.core.steps.BaseStepListener - stepFinished: current outcome:Search for automatization course:Given Than branon wants to learn automation at the academy choucair [Branon open up [branon opens the Choucair academy page], Branon login [branon clicks on button that shows us the form to login, branon enters '1006206400' into where do we write the user]]
[Test worker] WARN net.thucydides.core.steps.BaseStepListener - stepStarted: net.thucydides.core.steps.ExecutedStepDescription@58ea1119
[Test worker] WARN net.thucydides.core.steps.BaseStepListener - stepFinished: current outcome:Search for automatization course:Given Than branon wants to learn automation at the academy choucair [Branon open up [branon opens the Choucair academy page], Branon login [branon clicks on button that shows us the form to login, branon enters '1006206400' into where do we write the user, branon enters 'Choucair2021*' into where do we write the user]]
[Test worker] WARN net.thucydides.core.steps.BaseStepListener - stepStarted: net.thucydides.core.steps.ExecutedStepDescription@628a5824
[Test worker] WARN net.thucydides.core.steps.BaseStepListener - stepFinished: current outcome:Search for automatization course:Given Than branon wants to learn automation at the academy choucair [Branon open up [branon opens the Choucair academy page], Branon login [branon clicks on button that shows us the form to login, branon enters '1006206400' into where do we write the user, branon enters 'Choucair2021*' into where do we write the user, branon clicks on button to confirm login]]
[Test worker] WARN net.thucydides.core.steps.BaseStepListener - stepFinished: current outcome:Search for automatization course:Given Than branon wants to learn automation at the academy choucair [Branon open up [branon opens the Choucair academy page], Branon login [branon clicks on button that shows us the form to login, branon enters '1006206400' into where do we write the user, branon enters 'Choucair2021*' into where do we write the user, branon clicks on button to confirm login]]
[Test worker] WARN net.thucydides.core.steps.BaseStepListener - stepFinished: current outcome:Search for automatization course:Given Than branon wants to learn automation at the academy choucair [Branon open up [branon opens the Choucair academy page], Branon login [branon clicks on button that shows us the form to login, branon enters '1006206400' into where do we write the user, branon enters 'Choucair2021*' into where do we write the user, branon clicks on button to confirm login]]
[Test worker] WARN net.thucydides.core.steps.BaseStepListener - stepStarted: net.thucydides.core.steps.ExecutedStepDescription@699b5ba1
[Test worker] WARN net.thucydides.core.steps.BaseStepListener - stepStarted: net.thucydides.core.steps.ExecutedStepDescription@49199457
[Test worker] WARN net.thucydides.core.steps.BaseStepListener - stepStarted: net.thucydides.core.steps.ExecutedStepDescription@45115f7d
[Test worker] WARN net.thucydides.core.steps.BaseStepListener - stepFinished: current outcome:Search for automatization course:Given Than branon wants to learn automation at the academy choucair [Branon open up [branon opens the Choucair academy page], Branon login [branon clicks on button that shows us the form to login, branon enters '1006206400' into where do we write the user, branon enters 'Choucair2021*' into where do we write the user, branon clicks on button to confirm login]], When he search for the course Workshop de Automatización on the choucair academy plataform [Branon search [branon clicks on Entramos para buscar el curso]]
[Test worker] WARN net.thucydides.core.steps.BaseStepListener - stepStarted: net.thucydides.core.steps.ExecutedStepDescription@72138f55
[Test worker] WARN net.thucydides.core.steps.BaseStepListener - stepFinished: current outcome:Search for automatization course:Given Than branon wants to learn automation at the academy choucair [Branon open up [branon opens the Choucair academy page], Branon login [branon clicks on button that shows us the form to login, branon enters '1006206400' into where do we write the user, branon enters 'Choucair2021*' into where do we write the user, branon clicks on button to confirm login]], When he search for the course Workshop de Automatización on the choucair academy plataform [Branon search [branon clicks on Entramos para buscar el curso, branon enters 'Workshop de Automatización' into Buscamos el curso]]
[Test worker] WARN net.thucydides.core.steps.BaseStepListener - stepStarted: net.thucydides.core.steps.ExecutedStepDescription@13a9c2be
[Test worker] WARN net.thucydides.core.steps.BaseStepListener - stepFinished: current outcome:Search for automatization course:Given Than branon wants to learn automation at the academy choucair [Branon open up [branon opens the Choucair academy page], Branon login [branon clicks on button that shows us the form to login, branon enters '1006206400' into where do we write the user, branon enters 'Choucair2021*' into where do we write the user, branon clicks on button to confirm login]], When he search for the course Workshop de Automatización on the choucair academy plataform [Branon search [branon clicks on Entramos para buscar el curso, branon enters 'Workshop de Automatización' into Buscamos el curso, branon clicks on Click para buscar]]
[Test worker] WARN net.thucydides.core.steps.BaseStepListener - stepStarted: net.thucydides.core.steps.ExecutedStepDescription@259b01f5
[Test worker] WARN net.thucydides.core.steps.BaseStepListener - stepFinished: current outcome:Search for automatization course:Given Than branon wants to learn automation at the academy choucair [Branon open up [branon opens the Choucair academy page], Branon login [branon clicks on button that shows us the form to login, branon enters '1006206400' into where do we write the user, branon enters 'Choucair2021*' into where do we write the user, branon clicks on button to confirm login]], When he search for the course Workshop de Automatización on the choucair academy plataform [Branon search [branon clicks on Entramos para buscar el curso, branon enters 'Workshop de Automatización' into Buscamos el curso, branon clicks on Click para buscar, branon clicks on Workshop de Automatización]]
[Test worker] WARN net.thucydides.core.steps.BaseStepListener - stepFinished: current outcome:Search for automatization course:Given Than branon wants to learn automation at the academy choucair [Branon open up [branon opens the Choucair academy page], Branon login [branon clicks on button that shows us the form to login, branon enters '1006206400' into where do we write the user, branon enters 'Choucair2021*' into where do we write the user, branon clicks on button to confirm login]], When he search for the course Workshop de Automatización on the choucair academy plataform [Branon search [branon clicks on Entramos para buscar el curso, branon enters 'Workshop de Automatización' into Buscamos el curso, branon clicks on Click para buscar, branon clicks on Workshop de Automatización]]
[Test worker] WARN net.thucydides.core.steps.BaseStepListener - stepFinished: current outcome:Search for automatization course:Given Than branon wants to learn automation at the academy choucair [Branon open up [branon opens the Choucair academy page], Branon login [branon clicks on button that shows us the form to login, branon enters '1006206400' into where do we write the user, branon enters 'Choucair2021*' into where do we write the user, branon clicks on button to confirm login]], When he search for the course Workshop de Automatización on the choucair academy plataform [Branon search [branon clicks on Entramos para buscar el curso, branon enters 'Workshop de Automatización' into Buscamos el curso, branon clicks on Click para buscar, branon clicks on Workshop de Automatización]]
[Test worker] WARN net.thucydides.core.steps.BaseStepListener - stepStarted: net.thucydides.core.steps.ExecutedStepDescription@11bff808
[Test worker] WARN net.thucydides.core.steps.BaseStepListener - stepFinished: current outcome:Search for automatization course:Given Than branon wants to learn automation at the academy choucair [Branon open up [branon opens the Choucair academy page], Branon login [branon clicks on button that shows us the form to login, branon enters '1006206400' into where do we write the user, branon enters 'Choucair2021*' into where do we write the user, branon clicks on button to confirm login]], When he search for the course Workshop de Automatización on the choucair academy plataform [Branon search [branon clicks on Entramos para buscar el curso, branon enters 'Workshop de Automatización' into Buscamos el curso, branon clicks on Click para buscar, branon clicks on Workshop de Automatización]], Then he finds the course called resources Recursos Automatizacion Bancolombia
[Test worker] WARN net.thucydides.core.steps.BaseStepListener - testFinished: Search for automatization course:Given Than branon wants to learn automation at the academy choucair [Branon open up [branon opens the Choucair academy page], Branon login [branon clicks on button that shows us the form to login, branon enters '1006206400' into where do we write the user, branon enters 'Choucair2021*' into where do we write the user, branon clicks on button to confirm login]], When he search for the course Workshop de Automatización on the choucair academy plataform [Branon search [branon clicks on Entramos para buscar el curso, branon enters 'Workshop de Automatización' into Buscamos el curso, branon clicks on Click para buscar, branon clicks on Workshop de Automatización]], Then he finds the course called resources Recursos Automatizacion Bancolombia
[Test worker] WARN net.thucydides.core.steps.BaseStepListener - TestOutcomes: [Search for automatization course:Given Than branon wants to learn automation at the academy choucair [Branon open up [branon opens the Choucair academy page], Branon login [branon clicks on button that shows us the form to login, branon enters '1006206400' into where do we write the user, branon enters 'Choucair2021*' into where do we write the user, branon clicks on button to confirm login]], When he search for the course Workshop de Automatización on the choucair academy plataform [Branon search [branon clicks on Entramos para buscar el curso, branon enters 'Workshop de Automatización' into Buscamos el curso, branon clicks on Click para buscar, branon clicks on Workshop de Automatización]], Then he finds the course called resources Recursos Automatizacion Bancolombia]
[Test worker] WARN net.thucydides.core.steps.BaseStepListener - Final testOutcomes: [Search for automatization course:Given Than branon wants to learn automation at the academy choucair [Branon open up [branon opens the Choucair academy page], Branon login [branon clicks on button that shows us the form to login, branon enters '1006206400' into where do we write the user, branon enters 'Choucair2021*' into where do we write the user, branon clicks on button to confirm login]], When he search for the course Workshop de Automatización on the choucair academy plataform [Branon search [branon clicks on Entramos para buscar el curso, branon enters 'Workshop de Automatización' into Buscamos el curso, branon clicks on Click para buscar, branon clicks on Workshop de Automatización]], Then he finds the course called resources Recursos Automatizacion Bancolombia]
[Test worker] INFO net.thucydides.core.steps.ConsoleLoggingListener - 
        __    _____ _____ ____ _____   ____   _    ____  ____  _____ ____  
  _     \ \  |_   _| ____/ ___|_   _| |  _ \ / \  / ___|/ ___|| ____|  _ \ 
 (_)_____| |   | | |  _| \___ \ | |   | |_) / _ \ \___ \\___ \|  _| | | | |
  _|_____| |   | | | |___ ___) || |   |  __/ ___ \ ___) |___) | |___| |_| |
 (_)     | |   |_| |_____|____/ |_|   |_| /_/   \_\____/|____/|_____|____/ 
        /_/                                                                

TEST PASSED: Search for automatization course
----------------------------------------------------------------------------
]]></system-err>
</testsuite>
